2016-01-12 18:38:19,840 [Worker-5] INFO  o.e.m.c.i.l.LifecycleMappingFactory - Using NULL lifecycle mapping for MavenProject: job4sure:abcd:0.0.1-SNAPSHOT @ V:\github\abcd\pom.xml.
2016-01-12 18:38:21,706 [Worker-1] INFO  o.e.m.c.i.l.LifecycleMappingFactory - Using NULL lifecycle mapping for MavenProject: job4sure:abcd:0.0.1-SNAPSHOT @ V:\github\abcd\pom.xml.
2016-01-12 18:40:06,321 [Worker-3] INFO  o.e.m.c.i.l.LifecycleMappingFactory - Using org.maven.ide.eclipse.wtp.WarLifecycleMapping lifecycle mapping for MavenProject: job4sure:abcd-web:0.0.1-SNAPSHOT @ V:\github\abcd\abcd-web\pom.xml.
2016-01-12 18:40:11,947 [Worker-6] INFO  o.e.m.c.i.l.LifecycleMappingFactory - Using org.maven.ide.eclipse.wtp.WarLifecycleMapping lifecycle mapping for MavenProject: job4sure:abcd-web:0.0.1-SNAPSHOT @ V:\github\abcd\abcd-web\pom.xml.
2016-01-12 18:40:12,267 [Worker-3] INFO  o.e.m.j.i.AbstractJavaProjectConfigurator - Adding source folder /abcd-web/src/main/java
2016-01-12 18:40:12,282 [Worker-3] INFO  o.e.m.j.i.AbstractJavaProjectConfigurator - Adding resource folder /abcd-web/src/main/resources
2016-01-12 18:40:12,282 [Worker-3] INFO  o.e.m.j.i.AbstractJavaProjectConfigurator - Adding source folder /abcd-web/src/test/java
2016-01-12 18:40:12,282 [Worker-3] INFO  o.e.m.j.i.AbstractJavaProjectConfigurator - Adding resource folder /abcd-web/src/test/resources
2016-01-12 18:40:27,603 [Worker-0] INFO  o.e.m.c.i.l.LifecycleMappingFactory - Using org.maven.ide.eclipse.wtp.WarLifecycleMapping lifecycle mapping for MavenProject: job4sure:abcd-web:0.0.1-SNAPSHOT @ V:\github\abcd\abcd-web\pom.xml.
2016-01-12 18:40:28,025 [Worker-0] WARN  o.e.m.c.i.embedder.EclipseLogger - Using platform encoding (Cp1252 actually) to copy filtered resources, i.e. build is platform dependent!
2016-01-12 18:40:28,118 [Worker-0] INFO  o.e.m.c.i.embedder.EclipseLogger - Copying 0 resource
2016-01-12 18:40:28,118 [Worker-0] WARN  o.e.m.c.i.embedder.EclipseLogger - Using platform encoding (Cp1252 actually) to copy filtered resources, i.e. build is platform dependent!
2016-01-12 18:40:28,118 [Worker-0] INFO  o.e.m.c.i.embedder.EclipseLogger - Copying 0 resource
2016-01-12 18:40:30,182 [Worker-9] INFO  o.e.m.c.i.l.LifecycleMappingFactory - Using NULL lifecycle mapping for MavenProject: job4sure:abcd:0.0.1-SNAPSHOT @ V:\github\abcd\pom.xml.
2016-01-12 18:40:30,479 [Worker-9] INFO  o.e.m.c.i.l.LifecycleMappingFactory - Using org.maven.ide.eclipse.wtp.WarLifecycleMapping lifecycle mapping for MavenProject: job4sure:abcd-web:0.0.1-SNAPSHOT @ V:\github\abcd\abcd-web\pom.xml.
2016-01-12 18:40:31,167 [Worker-9] WARN  o.e.m.c.i.embedder.EclipseLogger - Using platform encoding (Cp1252 actually) to copy filtered resources, i.e. build is platform dependent!
2016-01-12 18:40:31,182 [Worker-9] INFO  o.e.m.c.i.embedder.EclipseLogger - Copying 0 resource
2016-01-12 18:40:31,198 [Worker-9] WARN  o.e.m.c.i.embedder.EclipseLogger - Using platform encoding (Cp1252 actually) to copy filtered resources, i.e. build is platform dependent!
2016-01-12 18:40:31,198 [Worker-9] INFO  o.e.m.c.i.embedder.EclipseLogger - Copying 0 resource
2016-01-12 18:41:21,358 [Worker-6] INFO  o.e.m.c.i.l.LifecycleMappingFactory - Using org.eclipse.m2e.jdt.JarLifecycleMapping lifecycle mapping for MavenProject: job4sure:abcd-service:0.0.1-SNAPSHOT @ V:\github\abcd\abcd-service\pom.xml.
2016-01-12 18:41:21,561 [Worker-6] INFO  o.e.m.j.i.AbstractJavaProjectConfigurator - Adding source folder /abcd-service/src/main/java
2016-01-12 18:41:21,561 [Worker-6] INFO  o.e.m.j.i.AbstractJavaProjectConfigurator - Adding resource folder /abcd-service/src/main/resources
2016-01-12 18:41:21,561 [Worker-6] INFO  o.e.m.j.i.AbstractJavaProjectConfigurator - Adding source folder /abcd-service/src/test/java
2016-01-12 18:41:21,561 [Worker-6] INFO  o.e.m.j.i.AbstractJavaProjectConfigurator - Adding resource folder /abcd-service/src/test/resources
2016-01-12 18:41:22,421 [Worker-4] INFO  o.e.m.c.i.l.LifecycleMappingFactory - Using org.eclipse.m2e.jdt.JarLifecycleMapping lifecycle mapping for MavenProject: job4sure:abcd-service:0.0.1-SNAPSHOT @ V:\github\abcd\abcd-service\pom.xml.
2016-01-12 18:41:23,046 [Worker-4] WARN  o.e.m.c.i.embedder.EclipseLogger - Using platform encoding (Cp1252 actually) to copy filtered resources, i.e. build is platform dependent!
2016-01-12 18:41:23,046 [Worker-4] INFO  o.e.m.c.i.embedder.EclipseLogger - Copying 0 resource
2016-01-12 18:41:23,062 [Worker-4] WARN  o.e.m.c.i.embedder.EclipseLogger - Using platform encoding (Cp1252 actually) to copy filtered resources, i.e. build is platform dependent!
2016-01-12 18:41:23,062 [Worker-4] INFO  o.e.m.c.i.embedder.EclipseLogger - Copying 0 resource
2016-01-12 18:41:24,249 [Worker-12] INFO  o.e.m.c.i.l.LifecycleMappingFactory - Using org.eclipse.m2e.jdt.JarLifecycleMapping lifecycle mapping for MavenProject: job4sure:abcd-service:0.0.1-SNAPSHOT @ V:\github\abcd\abcd-service\pom.xml.
2016-01-12 18:41:24,640 [Worker-2] INFO  o.e.m.c.i.l.LifecycleMappingFactory - Using NULL lifecycle mapping for MavenProject: job4sure:abcd:0.0.1-SNAPSHOT @ V:\github\abcd\pom.xml.
2016-01-12 18:41:24,859 [Worker-2] INFO  o.e.m.c.i.l.LifecycleMappingFactory - Using org.maven.ide.eclipse.wtp.WarLifecycleMapping lifecycle mapping for MavenProject: job4sure:abcd-web:0.0.1-SNAPSHOT @ V:\github\abcd\abcd-web\pom.xml.
2016-01-12 18:41:25,062 [Worker-2] INFO  o.e.m.c.i.l.LifecycleMappingFactory - Using org.eclipse.m2e.jdt.JarLifecycleMapping lifecycle mapping for MavenProject: job4sure:abcd-service:0.0.1-SNAPSHOT @ V:\github\abcd\abcd-service\pom.xml.
2016-01-12 18:41:25,718 [Worker-2] WARN  o.e.m.c.i.embedder.EclipseLogger - Using platform encoding (Cp1252 actually) to copy filtered resources, i.e. build is platform dependent!
2016-01-12 18:41:25,718 [Worker-2] INFO  o.e.m.c.i.embedder.EclipseLogger - Copying 0 resource
2016-01-12 18:41:25,734 [Worker-2] WARN  o.e.m.c.i.embedder.EclipseLogger - Using platform encoding (Cp1252 actually) to copy filtered resources, i.e. build is platform dependent!
2016-01-12 18:41:25,734 [Worker-2] INFO  o.e.m.c.i.embedder.EclipseLogger - Copying 0 resource
2016-01-12 18:41:25,781 [Worker-2] WARN  o.e.m.c.i.embedder.EclipseLogger - Using platform encoding (Cp1252 actually) to copy filtered resources, i.e. build is platform dependent!
2016-01-12 18:41:25,781 [Worker-2] INFO  o.e.m.c.i.embedder.EclipseLogger - Copying 0 resource
2016-01-12 18:41:25,781 [Worker-2] WARN  o.e.m.c.i.embedder.EclipseLogger - Using platform encoding (Cp1252 actually) to copy filtered resources, i.e. build is platform dependent!
2016-01-12 18:41:25,781 [Worker-2] INFO  o.e.m.c.i.embedder.EclipseLogger - Copying 0 resource
2016-01-12 18:42:01,564 [Worker-12] INFO  o.e.m.c.i.l.LifecycleMappingFactory - Using org.eclipse.m2e.jdt.JarLifecycleMapping lifecycle mapping for MavenProject: job4sure:abcd-data:0.0.1-SNAPSHOT @ V:\github\abcd\abcd-data\pom.xml.
2016-01-12 18:42:01,814 [Worker-12] INFO  o.e.m.j.i.AbstractJavaProjectConfigurator - Adding source folder /abcd-data/src/main/java
2016-01-12 18:42:01,814 [Worker-12] INFO  o.e.m.j.i.AbstractJavaProjectConfigurator - Adding resource folder /abcd-data/src/main/resources
2016-01-12 18:42:01,814 [Worker-12] INFO  o.e.m.j.i.AbstractJavaProjectConfigurator - Adding source folder /abcd-data/src/test/java
2016-01-12 18:42:01,814 [Worker-12] INFO  o.e.m.j.i.AbstractJavaProjectConfigurator - Adding resource folder /abcd-data/src/test/resources
2016-01-12 18:42:02,924 [Worker-6] INFO  o.e.m.c.i.l.LifecycleMappingFactory - Using org.eclipse.m2e.jdt.JarLifecycleMapping lifecycle mapping for MavenProject: job4sure:abcd-data:0.0.1-SNAPSHOT @ V:\github\abcd\abcd-data\pom.xml.
2016-01-12 18:42:03,190 [Worker-6] WARN  o.e.m.c.i.embedder.EclipseLogger - Using platform encoding (Cp1252 actually) to copy filtered resources, i.e. build is platform dependent!
2016-01-12 18:42:03,190 [Worker-6] INFO  o.e.m.c.i.embedder.EclipseLogger - Copying 0 resource
2016-01-12 18:42:03,190 [Worker-6] WARN  o.e.m.c.i.embedder.EclipseLogger - Using platform encoding (Cp1252 actually) to copy filtered resources, i.e. build is platform dependent!
2016-01-12 18:42:03,190 [Worker-6] INFO  o.e.m.c.i.embedder.EclipseLogger - Copying 0 resource
2016-01-12 18:42:04,630 [Worker-6] INFO  o.e.m.c.i.l.LifecycleMappingFactory - Using org.eclipse.m2e.jdt.JarLifecycleMapping lifecycle mapping for MavenProject: job4sure:abcd-data:0.0.1-SNAPSHOT @ V:\github\abcd\abcd-data\pom.xml.
2016-01-12 18:42:04,676 [Worker-10] INFO  o.e.m.c.i.l.LifecycleMappingFactory - Using NULL lifecycle mapping for MavenProject: job4sure:abcd:0.0.1-SNAPSHOT @ V:\github\abcd\pom.xml.
2016-01-12 18:42:04,890 [Worker-10] INFO  o.e.m.c.i.l.LifecycleMappingFactory - Using org.eclipse.m2e.jdt.JarLifecycleMapping lifecycle mapping for MavenProject: job4sure:abcd-service:0.0.1-SNAPSHOT @ V:\github\abcd\abcd-service\pom.xml.
2016-01-12 18:42:05,125 [Worker-10] INFO  o.e.m.c.i.l.LifecycleMappingFactory - Using org.maven.ide.eclipse.wtp.WarLifecycleMapping lifecycle mapping for MavenProject: job4sure:abcd-web:0.0.1-SNAPSHOT @ V:\github\abcd\abcd-web\pom.xml.
2016-01-12 18:42:05,312 [Worker-10] INFO  o.e.m.c.i.l.LifecycleMappingFactory - Using org.eclipse.m2e.jdt.JarLifecycleMapping lifecycle mapping for MavenProject: job4sure:abcd-data:0.0.1-SNAPSHOT @ V:\github\abcd\abcd-data\pom.xml.
2016-01-12 18:42:06,281 [Worker-3] WARN  o.e.m.c.i.embedder.EclipseLogger - Using platform encoding (Cp1252 actually) to copy filtered resources, i.e. build is platform dependent!
2016-01-12 18:42:06,281 [Worker-3] INFO  o.e.m.c.i.embedder.EclipseLogger - Copying 0 resource
2016-01-12 18:42:06,297 [Worker-3] WARN  o.e.m.c.i.embedder.EclipseLogger - Using platform encoding (Cp1252 actually) to copy filtered resources, i.e. build is platform dependent!
2016-01-12 18:42:06,297 [Worker-3] INFO  o.e.m.c.i.embedder.EclipseLogger - Copying 0 resource
2016-01-12 18:42:06,344 [Worker-3] WARN  o.e.m.c.i.embedder.EclipseLogger - Using platform encoding (Cp1252 actually) to copy filtered resources, i.e. build is platform dependent!
2016-01-12 18:42:06,344 [Worker-3] INFO  o.e.m.c.i.embedder.EclipseLogger - Copying 0 resource
2016-01-12 18:42:06,359 [Worker-3] WARN  o.e.m.c.i.embedder.EclipseLogger - Using platform encoding (Cp1252 actually) to copy filtered resources, i.e. build is platform dependent!
2016-01-12 18:42:06,359 [Worker-3] INFO  o.e.m.c.i.embedder.EclipseLogger - Copying 0 resource
2016-01-12 18:42:06,406 [Worker-3] WARN  o.e.m.c.i.embedder.EclipseLogger - Using platform encoding (Cp1252 actually) to copy filtered resources, i.e. build is platform dependent!
2016-01-12 18:42:06,422 [Worker-3] INFO  o.e.m.c.i.embedder.EclipseLogger - Copying 0 resource
2016-01-12 18:42:06,422 [Worker-3] WARN  o.e.m.c.i.embedder.EclipseLogger - Using platform encoding (Cp1252 actually) to copy filtered resources, i.e. build is platform dependent!
2016-01-12 18:42:06,422 [Worker-3] INFO  o.e.m.c.i.embedder.EclipseLogger - Copying 0 resource
2016-01-12 18:42:07,469 [Worker-11] INFO  o.e.m.c.i.l.LifecycleMappingFactory - Using org.eclipse.m2e.jdt.JarLifecycleMapping lifecycle mapping for MavenProject: job4sure:abcd-data:0.0.1-SNAPSHOT @ V:\github\abcd\abcd-data\pom.xml.
2016-01-12 18:42:07,781 [Worker-4] WARN  o.e.m.c.i.embedder.EclipseLogger - Using platform encoding (Cp1252 actually) to copy filtered resources, i.e. build is platform dependent!
2016-01-12 18:42:07,781 [Worker-4] INFO  o.e.m.c.i.embedder.EclipseLogger - Copying 0 resource
2016-01-12 18:42:07,781 [Worker-4] WARN  o.e.m.c.i.embedder.EclipseLogger - Using platform encoding (Cp1252 actually) to copy filtered resources, i.e. build is platform dependent!
2016-01-12 18:42:07,797 [Worker-4] INFO  o.e.m.c.i.embedder.EclipseLogger - Copying 0 resource
